2020/09/17 14:16:14:623 DEBUG ==================================================== Started Log File for GetRoleMembers function ================================================
2020/09/17 14:16:46:121 DEBUG ==================================================== Started Log File for GetRoleMembers function ================================================
2020/09/17 14:16:46:326 DEBUG ==================================================== Finished Log File for GetRoleMembers function ================================================
2020/09/17 14:19:28:154 DEBUG ==================================================== Started Log File for GetRoleMembers function ================================================
2020/09/17 14:19:28:264 DEBUG @{success=True; Result=; Message=; MessageID=; Exception=; ErrorID=; ErrorCode=; IsSoftError=False; InnerExceptions=}.Result.Results.ID of MFA Role for Computers 
2020/09/17 14:19:28:412 DEBUG ==================================================== Finished Log File for GetRoleMembers function ================================================
2020/09/17 14:19:58:822 DEBUG ==================================================== Started Log File for GetRoleMembers function ================================================
2020/09/17 14:19:58:925 DEBUG @{success=True; Result=; Message=; MessageID=; Exception=; ErrorID=; ErrorCode=; IsSoftError=False; InnerExceptions=}.Result.Results.Row.ID of MFA Role for Computers 
2020/09/17 14:19:59:085 DEBUG ==================================================== Finished Log File for GetRoleMembers function ================================================
2020/09/17 14:20:43:978 DEBUG ==================================================== Started Log File for GetRoleMembers function ================================================
2020/09/17 14:20:44:083 DEBUG 70bee213_201a_4bb8_bef0_76f4f4c5526e of MFA Role for Computers 
2020/09/17 14:20:44:211 DEBUG ==================================================== Finished Log File for GetRoleMembers function ================================================
2020/09/17 14:23:46:161 DEBUG ==================================================== Started Log File for GetRoleMembers Function ================================================
2020/09/17 14:26:30:361 DEBUG ==================================================== Started Log File for GetRoleMembers Function ================================================
2020/09/17 14:26:34:823 DEBUG 70bee213_201a_4bb8_bef0_76f4f4c5526e of MFA Role for Computers Role ID.
2020/09/17 14:26:36:406 DEBUG ==================================================== Finished Log File for GetRoleMembers Function ================================================
2020/09/17 15:03:59:776 DEBUG ==================================================== Started Log File for GetRoleMembers Function ================================================
2020/09/17 15:03:59:898 DEBUG 70bee213_201a_4bb8_bef0_76f4f4c5526e of MFA Role for Computers Role ID.
2020/09/17 15:04:00:059 DEBUG ==================================================== Finished Log File for GetRoleMembers Function ================================================
2020/09/17 15:04:42:666 DEBUG ==================================================== Started Log File for GetRoleMembers Function ================================================
2020/09/17 15:04:42:841 DEBUG 70bee213_201a_4bb8_bef0_76f4f4c5526e of MFA Role for Computers Role ID.
2020/09/17 15:04:42:994 DEBUG ==================================================== Finished Log File for GetRoleMembers Function ================================================
2020/09/17 15:05:34:305 DEBUG ==================================================== Started Log File for GetRoleMembers Function ================================================
2020/09/17 15:05:34:469 DEBUG 70bee213_201a_4bb8_bef0_76f4f4c5526e of MFA Role for Computers Role ID.
2020/09/17 15:06:18:185 DEBUG ==================================================== Started Log File for GetRoleMembers Function ================================================
2020/09/17 15:06:18:321 DEBUG 70bee213_201a_4bb8_bef0_76f4f4c5526e of MFA Role for Computers Role ID.
2020/09/17 15:09:20:179 DEBUG ==================================================== Finished Log File for GetRoleMembers Function ================================================
2020/09/17 15:10:20:133 DEBUG ==================================================== Started Log File for GetRoleMembers Function ================================================
2020/09/17 15:10:20:288 DEBUG 70bee213_201a_4bb8_bef0_76f4f4c5526e of MFA Role for Computers Role ID.
2020/09/17 15:29:15:818 DEBUG ==================================================== Started Log File for GetRoleMembers Function ================================================
2020/09/17 15:29:15:930 DEBUG 70bee213_201a_4bb8_bef0_76f4f4c5526e of MFA Role for Computers Role ID.
2020/09/17 15:29:16:065 DEBUG ==================================================== Finished Log File for GetRoleMembers Function ================================================
